2020-04-26 13:49:23 INFO  BaseTest:25 - Settings Installation Start!
2020-04-26 13:49:57 INFO  BaseTest:25 - Settings Installation Start!
2020-04-26 13:50:07 INFO  Browser:59 - Installation Complete
2020-04-26 13:50:07 INFO  Browser:60 - ********* BROWSER:CHROME, VERSION:10.0, PLATFORM:WIN10
2020-04-26 13:50:14 INFO  BaseTest:38 - Driver close
2020-04-26 13:52:11 INFO  BaseTest:25 - Settings Installation Start!
2020-04-26 13:52:21 INFO  Browser:59 - Installation Complete
2020-04-26 13:52:21 INFO  Browser:60 - ********* BROWSER:CHROME, VERSION:10.0, PLATFORM:WIN10
2020-04-26 13:52:28 INFO  BaseTest:38 - Driver close
2020-04-26 13:53:51 INFO  BaseTest:25 - Settings Installation Start!
2020-04-26 13:54:01 INFO  Browser:58 - Installation Complete
2020-04-26 13:54:01 INFO  Browser:59 - ********* BROWSER:CHROME, VERSION:10.0, PLATFORM:WIN10
2020-04-26 13:54:08 INFO  BaseTest:38 - Driver close
2020-04-26 13:55:44 INFO  BaseTest:25 - Settings Installation Start!
2020-04-26 13:55:54 INFO  Browser:58 - Installation Complete
2020-04-26 13:55:54 INFO  Browser:59 - ********* BROWSER:CHROME, VERSION:10.0, PLATFORM:WIN10
2020-04-26 13:56:00 INFO  BaseTest:38 - Driver close
2020-04-26 14:40:01 INFO  BaseTest:25 - Settings Installation Start!
2020-04-26 14:40:11 INFO  Browser:58 - Installation Complete
2020-04-26 14:40:11 INFO  Browser:59 - ********* BROWSER:CHROME, VERSION:10.0, PLATFORM:WIN10
2020-04-26 14:40:19 INFO  BaseTest:38 - Driver close
2020-04-26 14:41:42 INFO  BaseTest:25 - Settings Installation Start!
2020-04-26 14:41:52 INFO  Browser:58 - Installation Complete
2020-04-26 14:41:52 INFO  Browser:59 - ********* BROWSER:CHROME, VERSION:10.0, PLATFORM:WIN10
2020-04-26 14:41:59 INFO  BaseTest:38 - Driver close
2020-04-26 14:43:02 INFO  BaseTest:25 - Settings Installation Start!
2020-04-26 14:43:12 INFO  Browser:58 - Installation Complete
2020-04-26 14:43:12 INFO  Browser:59 - ********* BROWSER:CHROME, VERSION:10.0, PLATFORM:WIN10
2020-04-26 14:43:39 INFO  BaseTest:38 - Driver close
2020-04-26 14:44:14 INFO  BaseTest:25 - Settings Installation Start!
2020-04-26 14:44:24 INFO  Browser:58 - Installation Complete
2020-04-26 14:44:24 INFO  Browser:59 - ********* BROWSER:CHROME, VERSION:10.0, PLATFORM:WIN10
2020-04-26 14:44:43 INFO  BaseTest:38 - Driver close
2020-04-26 14:56:08 INFO  BaseTest:25 - Settings Installation Start!
2020-04-26 14:56:18 INFO  Browser:58 - Installation Complete
2020-04-26 14:56:18 INFO  Browser:59 - ********* BROWSER:CHROME, VERSION:10.0, PLATFORM:WIN10
2020-04-26 14:56:26 INFO  BaseTest:38 - Driver close
2020-04-26 15:00:16 INFO  BaseTest:25 - Settings Installation Start!
2020-04-26 15:00:26 INFO  Browser:58 - Installation Complete
2020-04-26 15:00:26 INFO  Browser:59 - ********* BROWSER:CHROME, VERSION:10.0, PLATFORM:WIN10
2020-04-26 15:00:37 INFO  BaseTest:38 - Driver close
2020-04-26 15:01:11 INFO  BaseTest:25 - Settings Installation Start!
2020-04-26 15:01:21 INFO  Browser:58 - Installation Complete
2020-04-26 15:01:21 INFO  Browser:59 - ********* BROWSER:CHROME, VERSION:10.0, PLATFORM:WIN10
2020-04-26 15:22:43 INFO  BaseTest:25 - Settings Installation Start!
2020-04-26 15:22:53 INFO  Browser:58 - Installation Complete
2020-04-26 15:22:53 INFO  Browser:59 - ********* BROWSER:CHROME, VERSION:10.0, PLATFORM:WIN10
2020-04-26 15:23:52 INFO  BaseTest:25 - Settings Installation Start!
2020-04-26 15:24:02 INFO  Browser:58 - Installation Complete
2020-04-26 15:24:02 INFO  Browser:59 - ********* BROWSER:CHROME, VERSION:10.0, PLATFORM:WIN10
2020-04-26 15:30:41 INFO  BaseTest:25 - Settings Installation Start!
2020-04-26 15:30:51 INFO  Browser:58 - Installation Complete
2020-04-26 15:30:51 INFO  Browser:59 - ********* BROWSER:CHROME, VERSION:10.0, PLATFORM:WIN10
2020-04-26 15:33:33 INFO  BaseTest:25 - Settings Installation Start!
2020-04-26 15:33:43 INFO  Browser:58 - Installation Complete
2020-04-26 15:33:43 INFO  Browser:59 - ********* BROWSER:CHROME, VERSION:10.0, PLATFORM:WIN10
2020-04-26 16:00:33 INFO  BaseTest:25 - Settings Installation Start!
2020-04-26 16:00:43 INFO  Browser:58 - Installation Complete
2020-04-26 16:00:43 INFO  Browser:59 - ********* BROWSER:CHROME, VERSION:10.0, PLATFORM:WIN10
2020-04-26 16:17:42 INFO  BaseTest:25 - Settings Installation Start!
2020-04-26 16:17:52 INFO  Browser:58 - Installation Complete
2020-04-26 16:17:52 INFO  Browser:59 - ********* BROWSER:CHROME, VERSION:10.0, PLATFORM:WIN10
2020-04-26 18:14:16 INFO  BaseTest:25 - Settings Installation Start!
2020-04-26 18:14:26 INFO  Browser:58 - Installation Complete
2020-04-26 18:14:26 INFO  Browser:59 - ********* BROWSER:CHROME, VERSION:10.0, PLATFORM:WIN10
2020-04-26 18:16:07 INFO  BaseTest:25 - Settings Installation Start!
2020-04-26 18:16:17 INFO  Browser:58 - Installation Complete
2020-04-26 18:16:17 INFO  Browser:59 - ********* BROWSER:CHROME, VERSION:10.0, PLATFORM:WIN10
2020-04-26 18:17:49 INFO  BaseTest:25 - Settings Installation Start!
2020-04-26 18:18:00 INFO  Browser:58 - Installation Complete
2020-04-26 18:18:00 INFO  Browser:59 - ********* BROWSER:CHROME, VERSION:10.0, PLATFORM:WIN10
2020-04-26 18:19:00 INFO  BaseTest:25 - Settings Installation Start!
2020-04-26 18:19:11 INFO  Browser:58 - Installation Complete
2020-04-26 18:19:11 INFO  Browser:59 - ********* BROWSER:CHROME, VERSION:10.0, PLATFORM:WIN10
2020-04-26 18:33:10 INFO  BaseTest:25 - Settings Installation Start!
2020-04-26 18:33:20 INFO  Browser:58 - Installation Complete
2020-04-26 18:33:20 INFO  Browser:59 - ********* BROWSER:CHROME, VERSION:10.0, PLATFORM:WIN10
2020-04-26 18:38:30 INFO  BaseTest:25 - Settings Installation Start!
2020-04-26 18:38:40 INFO  Browser:58 - Installation Complete
2020-04-26 18:38:40 INFO  Browser:59 - ********* BROWSER:CHROME, VERSION:10.0, PLATFORM:WIN10
2020-04-26 21:08:42 INFO  BaseTest:25 - Settings Installation Start!
2020-04-26 21:08:52 INFO  Browser:58 - Installation Complete
2020-04-26 21:08:52 INFO  Browser:59 - ********* BROWSER:CHROME, VERSION:10.0, PLATFORM:WIN10
2020-04-26 21:10:38 INFO  BaseTest:25 - Settings Installation Start!
2020-04-26 21:10:48 INFO  Browser:58 - Installation Complete
2020-04-26 21:10:48 INFO  Browser:59 - ********* BROWSER:CHROME, VERSION:10.0, PLATFORM:WIN10
2020-04-26 21:14:26 INFO  BaseTest:25 - Settings Installation Start!
2020-04-26 21:14:36 INFO  Browser:58 - Installation Complete
2020-04-26 21:14:36 INFO  Browser:59 - ********* BROWSER:CHROME, VERSION:10.0, PLATFORM:WIN10
2020-04-26 21:16:22 INFO  BaseTest:25 - Settings Installation Start!
2020-04-26 21:16:32 INFO  Browser:58 - Installation Complete
2020-04-26 21:16:32 INFO  Browser:59 - ********* BROWSER:CHROME, VERSION:10.0, PLATFORM:WIN10
2020-04-26 21:24:26 INFO  BaseTest:25 - Settings Installation Start!
2020-04-26 21:24:36 INFO  Browser:58 - Installation Complete
2020-04-26 21:24:36 INFO  Browser:59 - ********* BROWSER:CHROME, VERSION:10.0, PLATFORM:WIN10
2020-04-26 21:26:58 INFO  BaseTest:25 - Settings Installation Start!
2020-04-26 21:27:08 INFO  Browser:58 - Installation Complete
2020-04-26 21:27:08 INFO  Browser:59 - ********* BROWSER:CHROME, VERSION:10.0, PLATFORM:WIN10
2020-04-26 21:28:43 INFO  BaseTest:25 - Settings Installation Start!
2020-04-26 21:28:53 INFO  Browser:58 - Installation Complete
2020-04-26 21:28:53 INFO  Browser:59 - ********* BROWSER:CHROME, VERSION:10.0, PLATFORM:WIN10
2020-04-26 22:49:52 INFO  BaseTest:25 - Settings Installation Start!
2020-04-26 22:50:24 INFO  BaseTest:25 - Settings Installation Start!
2020-04-26 22:50:35 INFO  Browser:58 - Installation Complete
2020-04-26 22:50:35 INFO  Browser:59 - ********* BROWSER:CHROME, VERSION:10.0, PLATFORM:WIN10
2020-04-26 23:02:25 INFO  BaseTest:25 - Settings Installation Start!
2020-04-26 23:02:35 INFO  Browser:58 - Installation Complete
2020-04-26 23:02:35 INFO  Browser:59 - ********* BROWSER:CHROME, VERSION:10.0, PLATFORM:WIN10
2020-04-26 23:04:47 INFO  BaseTest:25 - Settings Installation Start!
2020-04-26 23:04:57 INFO  Browser:58 - Installation Complete
2020-04-26 23:04:57 INFO  Browser:59 - ********* BROWSER:CHROME, VERSION:10.0, PLATFORM:WIN10
2020-04-26 23:15:18 INFO  BaseTest:25 - Settings Installation Start!
2020-04-26 23:15:28 INFO  Browser:58 - Installation Complete
2020-04-26 23:15:28 INFO  Browser:59 - ********* BROWSER:CHROME, VERSION:10.0, PLATFORM:WIN10
2020-04-26 23:34:05 INFO  BaseTest:25 - Settings Installation Start!
2020-04-26 23:34:16 INFO  Browser:58 - Installation Complete
2020-04-26 23:34:16 INFO  Browser:59 - ********* BROWSER:CHROME, VERSION:10.0, PLATFORM:WIN10
2020-04-26 23:34:55 INFO  BasePage:884 - Amount99
2020-04-26 23:51:51 INFO  BaseTest:25 - Settings Installation Start!
2020-04-26 23:52:02 INFO  Browser:58 - Installation Complete
2020-04-26 23:52:02 INFO  Browser:59 - ********* BROWSER:CHROME, VERSION:10.0, PLATFORM:WIN10
2020-04-26 23:53:03 INFO  BaseTest:25 - Settings Installation Start!
2020-04-26 23:53:13 INFO  Browser:58 - Installation Complete
2020-04-26 23:53:13 INFO  Browser:59 - ********* BROWSER:CHROME, VERSION:10.0, PLATFORM:WIN10
2020-04-26 23:55:47 INFO  BaseTest:25 - Settings Installation Start!
2020-04-26 23:55:58 INFO  Browser:58 - Installation Complete
2020-04-26 23:55:58 INFO  Browser:59 - ********* BROWSER:CHROME, VERSION:10.0, PLATFORM:WIN10
2020-04-26 23:58:33 INFO  BaseTest:25 - Settings Installation Start!
2020-04-26 23:58:43 INFO  Browser:58 - Installation Complete
2020-04-26 23:58:43 INFO  Browser:59 - ********* BROWSER:CHROME, VERSION:10.0, PLATFORM:WIN10
2020-04-27 00:12:55 INFO  BaseTest:25 - Settings Installation Start!
2020-04-27 00:13:05 INFO  Browser:58 - Installation Complete
2020-04-27 00:13:05 INFO  Browser:59 - ********* BROWSER:CHROME, VERSION:10.0, PLATFORM:WIN10
2020-04-27 00:14:01 INFO  BasePage:884 - ErrorMessagePayment not accepted : Payment refused by the financial institution
Please use the "Back" button to try again with other parameters
2020-04-27 00:17:19 INFO  BaseTest:25 - Settings Installation Start!
2020-04-27 00:17:30 INFO  Browser:58 - Installation Complete
2020-04-27 00:17:30 INFO  Browser:59 - ********* BROWSER:CHROME, VERSION:10.0, PLATFORM:WIN10
2020-04-27 00:18:25 INFO  BasePage:884 - ErrorMessageThe transaction has been denied
2020-04-27 00:18:50 INFO  BaseTest:25 - Settings Installation Start!
2020-04-27 00:19:00 INFO  Browser:58 - Installation Complete
2020-04-27 00:19:00 INFO  Browser:59 - ********* BROWSER:CHROME, VERSION:10.0, PLATFORM:WIN10
2020-04-27 00:19:45 INFO  BaseTest:25 - Settings Installation Start!
2020-04-27 00:19:55 INFO  Browser:58 - Installation Complete
2020-04-27 00:19:55 INFO  Browser:59 - ********* BROWSER:CHROME, VERSION:10.0, PLATFORM:WIN10
2020-04-27 00:20:58 INFO  BasePage:884 - ErrorMessageThe transaction has been denied
